2021-02-27 00:10:34 FEBS-Shiro INFO  main cc.mrbird.febs.FebsShiroApplication Starting FebsShiroApplication using Java 1.8.0_181 on renxingli with PID 12708 (F:\laike\target\classes started by renxingli in F:\laike)
2021-02-27 00:10:34 FEBS-Shiro INFO  main cc.mrbird.febs.FebsShiroApplication The following profiles are active: dev
2021-02-27 00:10:34 FEBS-Shiro INFO  background-preinit org.hibernate.validator.internal.util.Version HV000001: Hibernate Validator 6.1.7.Final
2021-02-27 00:10:36 FEBS-Shiro INFO  main org.springframework.context.annotation.AutoProxyRegistrar AutoProxyRegistrar was imported but no annotations were found having both 'mode' and 'proxyTargetClass' attributes of type AdviceMode and boolean respectively. This means that auto proxy creator registration and configuration may not have occurred as intended, and components may not be proxied as expected. Check to ensure that AutoProxyRegistrar has been @Import'ed on the same class where these annotations are declared; otherwise remove the import of AutoProxyRegistrar altogether.
2021-02-27 00:10:36 FEBS-Shiro INFO  main org.springframework.data.repository.config.RepositoryConfigurationDelegate Multiple Spring Data modules found, entering strict repository configuration mode!
2021-02-27 00:10:36 FEBS-Shiro INFO  main org.springframework.data.repository.config.RepositoryConfigurationDelegate Bootstrapping Spring Data Redis repositories in DEFAULT mode.
2021-02-27 00:10:36 FEBS-Shiro INFO  main org.springframework.data.repository.config.RepositoryConfigurationDelegate Finished Spring Data repository scanning in 27 ms. Found 0 Redis repository interfaces.
2021-02-27 00:10:36 FEBS-Shiro INFO  main org.springframework.context.support.PostProcessorRegistrationDelegate$BeanPostProcessorChecker Bean 'spring.datasource.dynamic-com.baomidou.dynamic.datasource.spring.boot.autoconfigure.DynamicDataSourceProperties' of type [com.baomidou.dynamic.datasource.spring.boot.autoconfigure.DynamicDataSourceProperties] is not eligible for getting processed by all BeanPostProcessors (for example: not eligible for auto-proxying)
2021-02-27 00:10:36 FEBS-Shiro INFO  main org.springframework.context.support.PostProcessorRegistrationDelegate$BeanPostProcessorChecker Bean 'com.baomidou.dynamic.datasource.spring.boot.autoconfigure.DynamicDataSourceAutoConfiguration' of type [com.baomidou.dynamic.datasource.spring.boot.autoconfigure.DynamicDataSourceAutoConfiguration$$EnhancerBySpringCGLIB$$9df82736] is not eligible for getting processed by all BeanPostProcessors (for example: not eligible for auto-proxying)
2021-02-27 00:10:36 FEBS-Shiro INFO  main org.springframework.context.support.PostProcessorRegistrationDelegate$BeanPostProcessorChecker Bean 'dsProcessor' of type [com.baomidou.dynamic.datasource.processor.DsHeaderProcessor] is not eligible for getting processed by all BeanPostProcessors (for example: not eligible for auto-proxying)
2021-02-27 00:10:36 FEBS-Shiro INFO  main org.springframework.context.support.PostProcessorRegistrationDelegate$BeanPostProcessorChecker Bean 'shiroEarlyBeanRegistrar' of type [cc.mrbird.febs.common.authentication.ShiroEarlyBeanRegistrar] is not eligible for getting processed by all BeanPostProcessors (for example: not eligible for auto-proxying)
2021-02-27 00:10:36 FEBS-Shiro INFO  main org.springframework.context.support.PostProcessorRegistrationDelegate$BeanPostProcessorChecker Bean 'authorizationAttributeSourceAdvisor' of type [org.apache.shiro.spring.security.interceptor.AuthorizationAttributeSourceAdvisor] is not eligible for getting processed by all BeanPostProcessors (for example: not eligible for auto-proxying)
2021-02-27 00:10:36 FEBS-Shiro INFO  main org.springframework.context.support.PostProcessorRegistrationDelegate$BeanPostProcessorChecker Bean 'febsProperties' of type [cc.mrbird.febs.common.properties.FebsProperties] is not eligible for getting processed by all BeanPostProcessors (for example: not eligible for auto-proxying)
2021-02-27 00:10:37 FEBS-Shiro INFO  main org.springframework.boot.web.embedded.tomcat.TomcatWebServer Tomcat initialized with port(s): 8080 (http)
2021-02-27 00:10:37 FEBS-Shiro INFO  main org.apache.coyote.http11.Http11NioProtocol Initializing ProtocolHandler ["http-nio-8080"]
2021-02-27 00:10:37 FEBS-Shiro INFO  main org.apache.catalina.core.StandardService Starting service [Tomcat]
2021-02-27 00:10:37 FEBS-Shiro INFO  main org.apache.catalina.core.StandardEngine Starting Servlet engine: [Apache Tomcat/9.0.41]
2021-02-27 00:10:37 FEBS-Shiro INFO  main org.apache.catalina.core.ContainerBase.[Tomcat].[localhost].[/] Initializing Spring embedded WebApplicationContext
2021-02-27 00:10:37 FEBS-Shiro INFO  main org.springframework.boot.web.servlet.context.ServletWebServerApplicationContext Root WebApplicationContext: initialization completed in 3113 ms
2021-02-27 00:10:37 FEBS-Shiro INFO  main cc.mrbird.febs.common.xss.XssFilter ------------ xss filter init ------------
2021-02-27 00:10:37 FEBS-Shiro INFO  main com.zaxxer.hikari.HikariDataSource base - Starting...
2021-02-27 00:10:38 FEBS-Shiro INFO  main com.zaxxer.hikari.HikariDataSource base - Start completed.
2021-02-27 00:10:38 FEBS-Shiro INFO  main com.zaxxer.hikari.HikariDataSource quartz - Starting...
2021-02-27 00:10:39 FEBS-Shiro INFO  main com.zaxxer.hikari.HikariDataSource quartz - Start completed.
2021-02-27 00:10:39 FEBS-Shiro INFO  main com.baomidou.dynamic.datasource.DynamicRoutingDataSource dynamic-datasource - load a datasource named [quartz] success
2021-02-27 00:10:39 FEBS-Shiro INFO  main com.baomidou.dynamic.datasource.DynamicRoutingDataSource dynamic-datasource - load a datasource named [base] success
2021-02-27 00:10:39 FEBS-Shiro INFO  main com.baomidou.dynamic.datasource.DynamicRoutingDataSource dynamic-datasource initial loaded [2] datasource,primary datasource named [base]
2021-02-27 00:10:40 FEBS-Shiro INFO  main org.apache.shiro.cache.ehcache.EhCacheManager Cache with name 'cc.mrbird.febs.common.authentication.ShiroRealm.authenticationCache' does not yet exist.  Creating now.
2021-02-27 00:10:40 FEBS-Shiro INFO  main org.apache.shiro.cache.ehcache.EhCacheManager Added EhCache named [cc.mrbird.febs.common.authentication.ShiroRealm.authenticationCache]
2021-02-27 00:10:40 FEBS-Shiro INFO  main org.apache.shiro.cache.ehcache.EhCacheManager Cache with name 'cc.mrbird.febs.common.authentication.ShiroRealm.authorizationCache' does not yet exist.  Creating now.
2021-02-27 00:10:40 FEBS-Shiro INFO  main org.apache.shiro.cache.ehcache.EhCacheManager Added EhCache named [cc.mrbird.febs.common.authentication.ShiroRealm.authorizationCache]
2021-02-27 00:10:40 FEBS-Shiro INFO  main org.quartz.impl.StdSchedulerFactory Using default implementation for ThreadExecutor
2021-02-27 00:10:40 FEBS-Shiro INFO  main org.quartz.core.SchedulerSignalerImpl Initialized Scheduler Signaller of type: class org.quartz.core.SchedulerSignalerImpl
2021-02-27 00:10:40 FEBS-Shiro INFO  main org.quartz.core.QuartzScheduler Quartz Scheduler v.2.3.2 created.
2021-02-27 00:10:41 FEBS-Shiro INFO  main org.springframework.scheduling.quartz.LocalDataSourceJobStore Using db table-based data access locking (synchronization).
2021-02-27 00:10:41 FEBS-Shiro INFO  main org.springframework.scheduling.quartz.LocalDataSourceJobStore JobStoreCMT initialized.
2021-02-27 00:10:41 FEBS-Shiro INFO  main org.quartz.core.QuartzScheduler Scheduler meta-data: Quartz Scheduler (v2.3.2) 'FEBS_Scheduler' with instanceId 'renxingli1614355840946'
  Scheduler class: 'org.quartz.core.QuartzScheduler' - running locally.
  NOT STARTED.
  Currently in standby mode.
  Number of jobs executed: 0
  Using thread pool 'org.quartz.simpl.SimpleThreadPool' - with 20 threads.
  Using job-store 'org.springframework.scheduling.quartz.LocalDataSourceJobStore' - which supports persistence. and is clustered.

2021-02-27 00:10:41 FEBS-Shiro INFO  main org.quartz.impl.StdSchedulerFactory Quartz scheduler 'FEBS_Scheduler' initialized from an externally provided properties instance.
2021-02-27 00:10:41 FEBS-Shiro INFO  main org.quartz.impl.StdSchedulerFactory Quartz scheduler version: 2.3.2
2021-02-27 00:10:41 FEBS-Shiro INFO  main org.quartz.core.QuartzScheduler JobFactory set to: org.springframework.scheduling.quartz.AdaptableJobFactory@152e7703
2021-02-27 00:10:44 FEBS-Shiro INFO  main org.springframework.boot.actuate.endpoint.web.EndpointLinksResolver Exposing 2 endpoint(s) beneath base path '/actuator'
2021-02-27 00:10:45 FEBS-Shiro INFO  main org.springframework.scheduling.concurrent.ThreadPoolTaskExecutor Initializing ExecutorService
2021-02-27 00:10:45 FEBS-Shiro INFO  main org.springframework.scheduling.concurrent.ThreadPoolTaskExecutor Initializing ExecutorService 'febsShiroThreadPool'
2021-02-27 00:10:45 FEBS-Shiro INFO  main org.springframework.boot.autoconfigure.web.servlet.WelcomePageHandlerMapping Adding welcome page template: index
2021-02-27 00:10:46 FEBS-Shiro INFO  main org.apache.coyote.http11.Http11NioProtocol Starting ProtocolHandler ["http-nio-8080"]
2021-02-27 00:10:46 FEBS-Shiro INFO  main org.springframework.boot.web.embedded.tomcat.TomcatWebServer Tomcat started on port(s): 8080 (http) with context path ''
2021-02-27 00:10:46 FEBS-Shiro INFO  main org.springframework.scheduling.quartz.SchedulerFactoryBean Will start Quartz Scheduler [FEBS_Scheduler] in 1 seconds
2021-02-27 00:10:46 FEBS-Shiro INFO  main cc.mrbird.febs.FebsShiroApplication Started FebsShiroApplication in 12.634 seconds (JVM running for 14.036)
2021-02-27 00:10:46 FEBS-Shiro INFO  main cc.mrbird.febs.common.runner.FebsStartedUpRunner  __    ___   _      ___   _     ____ _____  ____ 
2021-02-27 00:10:46 FEBS-Shiro INFO  main cc.mrbird.febs.common.runner.FebsStartedUpRunner / /`  / / \ | |\/| | |_) | |   | |_   | |  | |_  
2021-02-27 00:10:46 FEBS-Shiro INFO  main cc.mrbird.febs.common.runner.FebsStartedUpRunner \_\_, \_\_/ |_|  | |_|   |_|__ |_|__  |_|  |_|__ 
2021-02-27 00:10:46 FEBS-Shiro INFO  main cc.mrbird.febs.common.runner.FebsStartedUpRunner                                                       
2021-02-27 00:10:46 FEBS-Shiro INFO  main cc.mrbird.febs.common.runner.FebsStartedUpRunner FEBS权限系统启动完毕，系统编译打包时间：2021-02-22 14:59:41，地址：http://192.168.0.100:8080/login
2021-02-27 00:10:47 FEBS-Shiro INFO  RMI TCP Connection(3)-192.168.0.100 org.apache.catalina.core.ContainerBase.[Tomcat].[localhost].[/] Initializing Spring DispatcherServlet 'dispatcherServlet'
2021-02-27 00:10:47 FEBS-Shiro INFO  RMI TCP Connection(3)-192.168.0.100 org.springframework.web.servlet.DispatcherServlet Initializing Servlet 'dispatcherServlet'
2021-02-27 00:10:47 FEBS-Shiro INFO  RMI TCP Connection(3)-192.168.0.100 org.springframework.web.servlet.DispatcherServlet Completed initialization in 1 ms
2021-02-27 00:10:47 FEBS-Shiro INFO  Quartz Scheduler [FEBS_Scheduler] org.springframework.scheduling.quartz.SchedulerFactoryBean Starting Quartz Scheduler now, after delay of 1 seconds
2021-02-27 00:10:47 FEBS-Shiro INFO  Quartz Scheduler [FEBS_Scheduler] org.quartz.core.QuartzScheduler Scheduler FEBS_Scheduler_$_renxingli1614355840946 started.
2021-02-27 00:10:59 FEBS-Shiro INFO  http-nio-8080-exec-1 org.apache.shiro.session.mgt.AbstractValidatingSessionManager Enabling session validation scheduler...
2021-02-27 00:11:02 FEBS-Shiro INFO  QuartzScheduler_FEBS_Scheduler-renxingli1614355840946_ClusterManager org.springframework.scheduling.quartz.LocalDataSourceJobStore ClusterManager: detected 1 failed or restarted instances.
2021-02-27 00:11:02 FEBS-Shiro INFO  QuartzScheduler_FEBS_Scheduler-renxingli1614355840946_ClusterManager org.springframework.scheduling.quartz.LocalDataSourceJobStore ClusterManager: Scanning for instance "renxingli1614354671316"'s failed in-progress jobs.
