[FEBS-Shiro] ===> 请求时间-[27/Feb/2021:00:10:59 +0800] 客户端IP-0:0:0:0:0:0:0:1 客户端Host-0:0:0:0:0:0:0:1 客户端协议-HTTP/1.1 线程名称-http-nio-8080-exec-1 SessionId-- 请求URL-/index 请求方法-GET 请求状态码-302 耗时(ms)-66 连接状态-+
[FEBS-Shiro] ===> 请求时间-[27/Feb/2021:00:10:59 +0800] 客户端IP-0:0:0:0:0:0:0:1 客户端Host-0:0:0:0:0:0:0:1 客户端协议-HTTP/1.1 线程名称-http-nio-8080-exec-1 SessionId-- 请求URL-/login 请求方法-GET 请求状态码-200 耗时(ms)-456 连接状态-+
[FEBS-Shiro] ===> 请求时间-[27/Feb/2021:00:10:59 +0800] 客户端IP-0:0:0:0:0:0:0:1 客户端Host-0:0:0:0:0:0:0:1 客户端协议-HTTP/1.1 线程名称-http-nio-8080-exec-2 SessionId-- 请求URL-/images/captcha 请求方法-GET 请求状态码-200 耗时(ms)-152 连接状态-+
[FEBS-Shiro] ===> 请求时间-[27/Feb/2021:00:11:12 +0800] 客户端IP-0:0:0:0:0:0:0:1 客户端Host-0:0:0:0:0:0:0:1 客户端协议-HTTP/1.1 线程名称-http-nio-8080-exec-5 SessionId-- 请求URL-/login 请求方法-POST 请求状态码-200 耗时(ms)-340 连接状态-+
[FEBS-Shiro] ===> 请求时间-[27/Feb/2021:00:11:12 +0800] 客户端IP-0:0:0:0:0:0:0:1 客户端Host-0:0:0:0:0:0:0:1 客户端协议-HTTP/1.1 线程名称-http-nio-8080-exec-6 SessionId-- 请求URL-/index 请求方法-GET 请求状态码-200 耗时(ms)-141 连接状态-+
[FEBS-Shiro] ===> 请求时间-[27/Feb/2021:00:11:12 +0800] 客户端IP-0:0:0:0:0:0:0:1 客户端Host-0:0:0:0:0:0:0:1 客户端协议-HTTP/1.1 线程名称-http-nio-8080-exec-7 SessionId-- 请求URL-/layui/base64/jquery.min.js 请求方法-GET 请求状态码-304 耗时(ms)-15 连接状态-+
[FEBS-Shiro] ===> 请求时间-[27/Feb/2021:00:11:12 +0800] 客户端IP-0:0:0:0:0:0:0:1 客户端Host-0:0:0:0:0:0:0:1 客户端协议-HTTP/1.1 线程名称-http-nio-8080-exec-9 SessionId-- 请求URL-/febs/views/layout 请求方法-GET 请求状态码-200 耗时(ms)-47 连接状态-+
[FEBS-Shiro] ===> 请求时间-[27/Feb/2021:00:11:12 +0800] 客户端IP-0:0:0:0:0:0:0:1 客户端Host-0:0:0:0:0:0:0:1 客户端协议-HTTP/1.1 线程名称-http-nio-8080-exec-8 SessionId-- 请求URL-/layui/css/modules/layer/default/layer.css 请求方法-GET 请求状态码-200 耗时(ms)-92 连接状态-+
[FEBS-Shiro] ===> 请求时间-[27/Feb/2021:00:11:12 +0800] 客户端IP-0:0:0:0:0:0:0:1 客户端Host-0:0:0:0:0:0:0:1 客户端协议-HTTP/1.1 线程名称-http-nio-8080-exec-1 SessionId-- 请求URL-/febs/views//index 请求方法-GET 请求状态码-200 耗时(ms)-35 连接状态-+
[FEBS-Shiro] ===> 请求时间-[27/Feb/2021:00:11:12 +0800] 客户端IP-0:0:0:0:0:0:0:1 客户端Host-0:0:0:0:0:0:0:1 客户端协议-HTTP/1.1 线程名称-http-nio-8080-exec-10 SessionId-- 请求URL-/menu/MrBird 请求方法-GET 请求状态码-200 耗时(ms)-68 连接状态-+
[FEBS-Shiro] ===> 请求时间-[27/Feb/2021:00:11:13 +0800] 客户端IP-0:0:0:0:0:0:0:1 客户端Host-0:0:0:0:0:0:0:1 客户端协议-HTTP/1.1 线程名称-http-nio-8080-exec-2 SessionId-- 请求URL-/index/MrBird 请求方法-GET 请求状态码-200 耗时(ms)-183 连接状态-+
[FEBS-Shiro] ===> 请求时间-[27/Feb/2021:00:11:14 +0800] 客户端IP-0:0:0:0:0:0:0:1 客户端Host-0:0:0:0:0:0:0:1 客户端协议-HTTP/1.1 线程名称-http-nio-8080-exec-4 SessionId-- 请求URL-/febs/views//system/outsourcing 请求方法-GET 请求状态码-200 耗时(ms)-103 连接状态-+
[FEBS-Shiro] ===> 请求时间-[27/Feb/2021:00:11:21 +0800] 客户端IP-0:0:0:0:0:0:0:1 客户端Host-0:0:0:0:0:0:0:1 客户端协议-HTTP/1.1 线程名称-http-nio-8080-exec-6 SessionId-- 请求URL-/outsourcing/uploadConImage 请求方法-POST 请求状态码-200 耗时(ms)-60 连接状态-+
[FEBS-Shiro] ===> 请求时间-[27/Feb/2021:00:11:21 +0800] 客户端IP-0:0:0:0:0:0:0:1 客户端Host-0:0:0:0:0:0:0:1 客户端协议-HTTP/1.1 线程名称-http-nio-8080-exec-7 SessionId-- 请求URL-/image/2021227e0f105c400f044869e2ded2c1f08c9391.png 请求方法-GET 请求状态码-200 耗时(ms)-22 连接状态-+
[FEBS-Shiro] ===> 请求时间-[27/Feb/2021:00:11:28 +0800] 客户端IP-0:0:0:0:0:0:0:1 客户端Host-0:0:0:0:0:0:0:1 客户端协议-HTTP/1.1 线程名称-http-nio-8080-exec-9 SessionId-- 请求URL-/outsourcing/rxl 请求方法-POST 请求状态码-200 耗时(ms)-6 连接状态-+
[FEBS-Shiro] ===> 请求时间-[27/Feb/2021:00:13:09 +0800] 客户端IP-0:0:0:0:0:0:0:1 客户端Host-0:0:0:0:0:0:0:1 客户端协议-HTTP/1.1 线程名称-http-nio-8080-exec-1 SessionId-- 请求URL-/index 请求方法-GET 请求状态码-200 耗时(ms)-134 连接状态-+
[FEBS-Shiro] ===> 请求时间-[27/Feb/2021:00:13:09 +0800] 客户端IP-0:0:0:0:0:0:0:1 客户端Host-0:0:0:0:0:0:0:1 客户端协议-HTTP/1.1 线程名称-http-nio-8080-exec-10 SessionId-- 请求URL-/layui/css/modules/layer/default/layer.css 请求方法-GET 请求状态码-200 耗时(ms)-6 连接状态-+
[FEBS-Shiro] ===> 请求时间-[27/Feb/2021:00:13:09 +0800] 客户端IP-0:0:0:0:0:0:0:1 客户端Host-0:0:0:0:0:0:0:1 客户端协议-HTTP/1.1 线程名称-http-nio-8080-exec-4 SessionId-- 请求URL-/febs/views/layout 请求方法-GET 请求状态码-200 耗时(ms)-75 连接状态-+
[FEBS-Shiro] ===> 请求时间-[27/Feb/2021:00:13:09 +0800] 客户端IP-0:0:0:0:0:0:0:1 客户端Host-0:0:0:0:0:0:0:1 客户端协议-HTTP/1.1 线程名称-http-nio-8080-exec-3 SessionId-- 请求URL-/febs/views//system/outsourcing 请求方法-GET 请求状态码-200 耗时(ms)-11 连接状态-+
[FEBS-Shiro] ===> 请求时间-[27/Feb/2021:00:13:09 +0800] 客户端IP-0:0:0:0:0:0:0:1 客户端Host-0:0:0:0:0:0:0:1 客户端协议-HTTP/1.1 线程名称-http-nio-8080-exec-2 SessionId-- 请求URL-/febs/images/favicon.ico 请求方法-GET 请求状态码-200 耗时(ms)-157 连接状态-+
[FEBS-Shiro] ===> 请求时间-[27/Feb/2021:00:13:09 +0800] 客户端IP-0:0:0:0:0:0:0:1 客户端Host-0:0:0:0:0:0:0:1 客户端协议-HTTP/1.1 线程名称-http-nio-8080-exec-5 SessionId-- 请求URL-/menu/MrBird 请求方法-GET 请求状态码-200 耗时(ms)-48 连接状态-+
[FEBS-Shiro] ===> 请求时间-[27/Feb/2021:00:13:11 +0800] 客户端IP-0:0:0:0:0:0:0:1 客户端Host-0:0:0:0:0:0:0:1 客户端协议-HTTP/1.1 线程名称-http-nio-8080-exec-6 SessionId-- 请求URL-/febs/views//system/dept 请求方法-GET 请求状态码-200 耗时(ms)-255 连接状态-+
[FEBS-Shiro] ===> 请求时间-[27/Feb/2021:00:13:11 +0800] 客户端IP-0:0:0:0:0:0:0:1 客户端Host-0:0:0:0:0:0:0:1 客户端协议-HTTP/1.1 线程名称-http-nio-8080-exec-1 SessionId-- 请求URL-/dept/tree 请求方法-GET 请求状态码-200 耗时(ms)-102 连接状态-+
[FEBS-Shiro] ===> 请求时间-[27/Feb/2021:00:13:11 +0800] 客户端IP-0:0:0:0:0:0:0:1 客户端Host-0:0:0:0:0:0:0:1 客户端协议-HTTP/1.1 线程名称-http-nio-8080-exec-8 SessionId-- 请求URL-/dept/tree 请求方法-GET 请求状态码-200 耗时(ms)-134 连接状态-+
[FEBS-Shiro] ===> 请求时间-[27/Feb/2021:00:13:14 +0800] 客户端IP-0:0:0:0:0:0:0:1 客户端Host-0:0:0:0:0:0:0:1 客户端协议-HTTP/1.1 线程名称-http-nio-8080-exec-10 SessionId-- 请求URL-/febs/views//system/outsourcing 请求方法-GET 请求状态码-200 耗时(ms)-5 连接状态-+
[FEBS-Shiro] ===> 请求时间-[27/Feb/2021:00:13:17 +0800] 客户端IP-0:0:0:0:0:0:0:1 客户端Host-0:0:0:0:0:0:0:1 客户端协议-HTTP/1.1 线程名称-http-nio-8080-exec-4 SessionId-- 请求URL-/index 请求方法-GET 请求状态码-200 耗时(ms)-114 连接状态-+
[FEBS-Shiro] ===> 请求时间-[27/Feb/2021:00:13:17 +0800] 客户端IP-0:0:0:0:0:0:0:1 客户端Host-0:0:0:0:0:0:0:1 客户端协议-HTTP/1.1 线程名称-http-nio-8080-exec-3 SessionId-- 请求URL-/layui/css/modules/layer/default/layer.css 请求方法-GET 请求状态码-200 耗时(ms)-7 连接状态-+
[FEBS-Shiro] ===> 请求时间-[27/Feb/2021:00:13:17 +0800] 客户端IP-0:0:0:0:0:0:0:1 客户端Host-0:0:0:0:0:0:0:1 客户端协议-HTTP/1.1 线程名称-http-nio-8080-exec-2 SessionId-- 请求URL-/febs/images/favicon.ico 请求方法-GET 请求状态码-200 耗时(ms)-5 连接状态-+
[FEBS-Shiro] ===> 请求时间-[27/Feb/2021:00:13:17 +0800] 客户端IP-0:0:0:0:0:0:0:1 客户端Host-0:0:0:0:0:0:0:1 客户端协议-HTTP/1.1 线程名称-http-nio-8080-exec-5 SessionId-- 请求URL-/febs/views/layout 请求方法-GET 请求状态码-200 耗时(ms)-5 连接状态-+
[FEBS-Shiro] ===> 请求时间-[27/Feb/2021:00:13:17 +0800] 客户端IP-0:0:0:0:0:0:0:1 客户端Host-0:0:0:0:0:0:0:1 客户端协议-HTTP/1.1 线程名称-http-nio-8080-exec-9 SessionId-- 请求URL-/febs/views//system/outsourcing 请求方法-GET 请求状态码-200 耗时(ms)-5 连接状态-+
[FEBS-Shiro] ===> 请求时间-[27/Feb/2021:00:13:17 +0800] 客户端IP-0:0:0:0:0:0:0:1 客户端Host-0:0:0:0:0:0:0:1 客户端协议-HTTP/1.1 线程名称-http-nio-8080-exec-7 SessionId-- 请求URL-/menu/MrBird 请求方法-GET 请求状态码-200 耗时(ms)-44 连接状态-+
[FEBS-Shiro] ===> 请求时间-[27/Feb/2021:00:13:18 +0800] 客户端IP-0:0:0:0:0:0:0:1 客户端Host-0:0:0:0:0:0:0:1 客户端协议-HTTP/1.1 线程名称-http-nio-8080-exec-6 SessionId-- 请求URL-/index 请求方法-GET 请求状态码-200 耗时(ms)-114 连接状态-+
[FEBS-Shiro] ===> 请求时间-[27/Feb/2021:00:13:18 +0800] 客户端IP-0:0:0:0:0:0:0:1 客户端Host-0:0:0:0:0:0:0:1 客户端协议-HTTP/1.1 线程名称-http-nio-8080-exec-1 SessionId-- 请求URL-/layui/css/modules/layer/default/layer.css 请求方法-GET 请求状态码-200 耗时(ms)-4 连接状态-+
[FEBS-Shiro] ===> 请求时间-[27/Feb/2021:00:13:18 +0800] 客户端IP-0:0:0:0:0:0:0:1 客户端Host-0:0:0:0:0:0:0:1 客户端协议-HTTP/1.1 线程名称-http-nio-8080-exec-8 SessionId-- 请求URL-/febs/images/favicon.ico 请求方法-GET 请求状态码-200 耗时(ms)-7 连接状态-+
[FEBS-Shiro] ===> 请求时间-[27/Feb/2021:00:13:18 +0800] 客户端IP-0:0:0:0:0:0:0:1 客户端Host-0:0:0:0:0:0:0:1 客户端协议-HTTP/1.1 线程名称-http-nio-8080-exec-10 SessionId-- 请求URL-/febs/views/layout 请求方法-GET 请求状态码-200 耗时(ms)-6 连接状态-+
[FEBS-Shiro] ===> 请求时间-[27/Feb/2021:00:13:18 +0800] 客户端IP-0:0:0:0:0:0:0:1 客户端Host-0:0:0:0:0:0:0:1 客户端协议-HTTP/1.1 线程名称-http-nio-8080-exec-3 SessionId-- 请求URL-/febs/views//system/outsourcing 请求方法-GET 请求状态码-200 耗时(ms)-4 连接状态-+
[FEBS-Shiro] ===> 请求时间-[27/Feb/2021:00:13:18 +0800] 客户端IP-0:0:0:0:0:0:0:1 客户端Host-0:0:0:0:0:0:0:1 客户端协议-HTTP/1.1 线程名称-http-nio-8080-exec-4 SessionId-- 请求URL-/menu/MrBird 请求方法-GET 请求状态码-200 耗时(ms)-32 连接状态-+
[FEBS-Shiro] ===> 请求时间-[27/Feb/2021:00:13:24 +0800] 客户端IP-0:0:0:0:0:0:0:1 客户端Host-0:0:0:0:0:0:0:1 客户端协议-HTTP/1.1 线程名称-http-nio-8080-exec-9 SessionId-- 请求URL-/index 请求方法-GET 请求状态码-200 耗时(ms)-120 连接状态-+
[FEBS-Shiro] ===> 请求时间-[27/Feb/2021:00:13:24 +0800] 客户端IP-0:0:0:0:0:0:0:1 客户端Host-0:0:0:0:0:0:0:1 客户端协议-HTTP/1.1 线程名称-http-nio-8080-exec-7 SessionId-- 请求URL-/layui/css/modules/layer/default/layer.css 请求方法-GET 请求状态码-200 耗时(ms)-4 连接状态-+
[FEBS-Shiro] ===> 请求时间-[27/Feb/2021:00:13:24 +0800] 客户端IP-0:0:0:0:0:0:0:1 客户端Host-0:0:0:0:0:0:0:1 客户端协议-HTTP/1.1 线程名称-http-nio-8080-exec-6 SessionId-- 请求URL-/febs/images/favicon.ico 请求方法-GET 请求状态码-200 耗时(ms)-3 连接状态-+
[FEBS-Shiro] ===> 请求时间-[27/Feb/2021:00:13:24 +0800] 客户端IP-0:0:0:0:0:0:0:1 客户端Host-0:0:0:0:0:0:0:1 客户端协议-HTTP/1.1 线程名称-http-nio-8080-exec-1 SessionId-- 请求URL-/febs/views/layout 请求方法-GET 请求状态码-200 耗时(ms)-9 连接状态-+
[FEBS-Shiro] ===> 请求时间-[27/Feb/2021:00:13:24 +0800] 客户端IP-0:0:0:0:0:0:0:1 客户端Host-0:0:0:0:0:0:0:1 客户端协议-HTTP/1.1 线程名称-http-nio-8080-exec-10 SessionId-- 请求URL-/febs/views//system/outsourcing 请求方法-GET 请求状态码-200 耗时(ms)-5 连接状态-+
[FEBS-Shiro] ===> 请求时间-[27/Feb/2021:00:13:24 +0800] 客户端IP-0:0:0:0:0:0:0:1 客户端Host-0:0:0:0:0:0:0:1 客户端协议-HTTP/1.1 线程名称-http-nio-8080-exec-8 SessionId-- 请求URL-/menu/MrBird 请求方法-GET 请求状态码-200 耗时(ms)-67 连接状态-+
[FEBS-Shiro] ===> 请求时间-[27/Feb/2021:00:13:28 +0800] 客户端IP-0:0:0:0:0:0:0:1 客户端Host-0:0:0:0:0:0:0:1 客户端协议-HTTP/1.1 线程名称-http-nio-8080-exec-3 SessionId-- 请求URL-/outsourcing/uploadConImage 请求方法-POST 请求状态码-200 耗时(ms)-32 连接状态-+
[FEBS-Shiro] ===> 请求时间-[27/Feb/2021:00:13:28 +0800] 客户端IP-0:0:0:0:0:0:0:1 客户端Host-0:0:0:0:0:0:0:1 客户端协议-HTTP/1.1 线程名称-http-nio-8080-exec-4 SessionId-- 请求URL-/image/202122749f19dd8ae7c4e88a544d166830451859ABDA2A953C48C46927144D7AD00B47C.png 请求方法-GET 请求状态码-200 耗时(ms)-23 连接状态-+
[FEBS-Shiro] ===> 请求时间-[27/Feb/2021:00:13:41 +0800] 客户端IP-0:0:0:0:0:0:0:1 客户端Host-0:0:0:0:0:0:0:1 客户端协议-HTTP/1.1 线程名称-http-nio-8080-exec-9 SessionId-- 请求URL-/outsourcing/rxl 请求方法-POST 请求状态码-200 耗时(ms)-3 连接状态-+
